Time resolution is 1 ps
here2
fifo data out
         0
here2
fifo data out
         0
here2
fifo data out
         0
here
fifo data out
         0
here
fifo data out
         0
here2
fifo data out
       427
output
0
2
here2
fifo data out
       427
output
0
2
here2
fifo data out
       427
output
0
2
here2
fifo data out
       427
output
0
2
here2
fifo data out
       427
output
0
2
here2
fifo data out
       427
output
0
2
here2
fifo data out
       427
output
0
2
$finish called at time : 135 ns : File "C:/Projects/VivadoProjects/spi_controller/spi_controller.srcs/sim_1/new/spi_controller_tb.sv" Line 75
